<?xml version="1.0" encoding="UTF-8"?>
<testng-results ignored="0" total="1" passed="1" failed="0" skipped="0">
  <reporter-output>
  </reporter-output>
  <suite started-at="2025-02-01T20:41:29 IST" name="Suite" finished-at="2025-02-01T20:41:36 IST" duration-ms="7851">
    <groups>
      <group name="Master">
        <method signature="TC_002_LoginTest.TestLogin()[pri:0, instance:testCases.TC_002_LoginTest@7a1a3478]" name="TestLogin" class="testCases.TC_002_LoginTest"/>
      </group> <!-- Master -->
      <group name="Sanity">
        <method signature="TC_002_LoginTest.TestLogin()[pri:0, instance:testCases.TC_002_LoginTest@7a1a3478]" name="TestLogin" class="testCases.TC_002_LoginTest"/>
      </group> <!-- Sanity -->
    </groups>
    <test started-at="2025-02-01T20:41:29 IST" name="Test" finished-at="2025-02-01T20:41:36 IST" duration-ms="7851">
      <class name="testCases.TC_002_LoginTest">
        <test-method is-config="true" signature="setup(java.lang.String,java.lang.String)[pri:0, instance:testCases.TC_002_LoginTest@7a1a3478]" started-at="2025-02-01T20:41:29 IST" name="setup" finished-at="2025-02-01T20:41:34 IST" duration-ms="4783" status="PASS">
          <params>
            <param index="0">
              <value>
                <![CDATA[Windows]]>
              </value>
            </param>
            <param index="1">
              <value>
                <![CDATA[chrome]]>
              </value>
            </param>
          </params>
          <reporter-output>
          </reporter-output>
        </test-method> <!-- setup -->
        <test-method signature="TestLogin()[pri:0, instance:testCases.TC_002_LoginTest@7a1a3478]" started-at="2025-02-01T20:41:34 IST" name="TestLogin" finished-at="2025-02-01T20:41:36 IST" duration-ms="2036" status="PASS">
          <reporter-output>
          </reporter-output>
        </test-method> <!-- TestLogin -->
        <test-method is-config="true" signature="tearDown()[pri:0, instance:testCases.TC_002_LoginTest@7a1a3478]" started-at="2025-02-01T20:41:36 IST" name="tearDown" finished-at="2025-02-01T20:41:36 IST" duration-ms="552" status="PASS">
          <reporter-output>
          </reporter-output>
        </test-method> <!-- tearDown -->
      </class> <!-- testCases.TC_002_LoginTest -->
    </test> <!-- Test -->
  </suite> <!-- Suite -->
</testng-results>
