<?xml version="1.0" encoding="UTF-8"?>
<testng-results ignored="0" total="4" passed="4" failed="0" skipped="0">
  <reporter-output>
  </reporter-output>
  <suite started-at="2025-01-21T17:57:39 IST" name="Suite" finished-at="2025-01-21T17:58:40 IST" duration-ms="61127">
    <groups>
      <group name="Master">
        <method signature="TC_001_AccountRegistrationTest.verify_account_registration()[pri:0, instance:testCases.TC_001_AccountRegistrationTest@7ef2d7a6]" name="verify_account_registration" class="testCases.TC_001_AccountRegistrationTest"/>
        <method signature="TC_002_LoginTest.TestLogin()[pri:0, instance:testCases.TC_002_LoginTest@5471388b]" name="TestLogin" class="testCases.TC_002_LoginTest"/>
        <method signature="TC_001_AccountRegistrationTest.verify_account_registration()[pri:0, instance:testCases.TC_001_AccountRegistrationTest@3bd7f8dc]" name="verify_account_registration" class="testCases.TC_001_AccountRegistrationTest"/>
        <method signature="TC_002_LoginTest.TestLogin()[pri:0, instance:testCases.TC_002_LoginTest@2f2bf0e2]" name="TestLogin" class="testCases.TC_002_LoginTest"/>
      </group> <!-- Master -->
      <group name="Sanity">
        <method signature="TC_002_LoginTest.TestLogin()[pri:0, instance:testCases.TC_002_LoginTest@5471388b]" name="TestLogin" class="testCases.TC_002_LoginTest"/>
        <method signature="TC_002_LoginTest.TestLogin()[pri:0, instance:testCases.TC_002_LoginTest@2f2bf0e2]" name="TestLogin" class="testCases.TC_002_LoginTest"/>
      </group> <!-- Sanity -->
      <group name="Regression">
        <method signature="TC_001_AccountRegistrationTest.verify_account_registration()[pri:0, instance:testCases.TC_001_AccountRegistrationTest@7ef2d7a6]" name="verify_account_registration" class="testCases.TC_001_AccountRegistrationTest"/>
        <method signature="TC_001_AccountRegistrationTest.verify_account_registration()[pri:0, instance:testCases.TC_001_AccountRegistrationTest@3bd7f8dc]" name="verify_account_registration" class="testCases.TC_001_AccountRegistrationTest"/>
      </group> <!-- Regression -->
    </groups>
    <test started-at="2025-01-21T17:57:39 IST" name="Linux-Chrome" finished-at="2025-01-21T17:58:03 IST" duration-ms="23589">
      <class name="testCases.TC_001_AccountRegistrationTest">
        <test-method is-config="true" signature="setup(java.lang.String,java.lang.String)[pri:0, instance:testCases.TC_001_AccountRegistrationTest@7ef2d7a6]" started-at="2025-01-21T17:57:40 IST" name="setup" finished-at="2025-01-21T17:57:46 IST" duration-ms="6303" status="PASS">
          <params>
            <param index="0">
              <value>
                <![CDATA[Linux]]>
              </value>
            </param>
            <param index="1">
              <value>
                <![CDATA[chrome]]>
              </value>
            </param>
          </params>
          <reporter-output>
          </reporter-output>
        </test-method> <!-- setup -->
        <test-method signature="verify_account_registration()[pri:0, instance:testCases.TC_001_AccountRegistrationTest@7ef2d7a6]" started-at="2025-01-21T17:57:46 IST" name="verify_account_registration" finished-at="2025-01-21T17:57:54 IST" duration-ms="8126" status="PASS">
          <reporter-output>
          </reporter-output>
        </test-method> <!-- verify_account_registration -->
        <test-method is-config="true" signature="tearDown()[pri:0, instance:testCases.TC_001_AccountRegistrationTest@7ef2d7a6]" started-at="2025-01-21T17:57:54 IST" name="tearDown" finished-at="2025-01-21T17:57:55 IST" duration-ms="183" status="PASS">
          <reporter-output>
          </reporter-output>
        </test-method> <!-- tearDown -->
      </class> <!-- testCases.TC_001_AccountRegistrationTest -->
      <class name="testCases.TC_002_LoginTest">
        <test-method is-config="true" signature="setup(java.lang.String,java.lang.String)[pri:0, instance:testCases.TC_002_LoginTest@5471388b]" started-at="2025-01-21T17:57:55 IST" name="setup" finished-at="2025-01-21T17:58:00 IST" duration-ms="4946" status="PASS">
          <params>
            <param index="0">
              <value>
                <![CDATA[Linux]]>
              </value>
            </param>
            <param index="1">
              <value>
                <![CDATA[chrome]]>
              </value>
            </param>
          </params>
          <reporter-output>
          </reporter-output>
        </test-method> <!-- setup -->
        <test-method signature="TestLogin()[pri:0, instance:testCases.TC_002_LoginTest@5471388b]" started-at="2025-01-21T17:58:00 IST" name="TestLogin" finished-at="2025-01-21T17:58:03 IST" duration-ms="3138" status="PASS">
          <reporter-output>
          </reporter-output>
        </test-method> <!-- TestLogin -->
        <test-method is-config="true" signature="tearDown()[pri:0, instance:testCases.TC_002_LoginTest@5471388b]" started-at="2025-01-21T17:58:03 IST" name="tearDown" finished-at="2025-01-21T17:58:03 IST" duration-ms="196" status="PASS">
          <reporter-output>
          </reporter-output>
        </test-method> <!-- tearDown -->
      </class> <!-- testCases.TC_002_LoginTest -->
    </test> <!-- Linux-Chrome -->
    <test started-at="2025-01-21T17:58:05 IST" name="Linux-Firefox" finished-at="2025-01-21T17:58:40 IST" duration-ms="35881">
      <class name="testCases.TC_001_AccountRegistrationTest">
        <test-method is-config="true" signature="setup(java.lang.String,java.lang.String)[pri:0, instance:testCases.TC_001_AccountRegistrationTest@3bd7f8dc]" started-at="2025-01-21T17:58:05 IST" name="setup" finished-at="2025-01-21T17:58:18 IST" duration-ms="12970" status="PASS">
          <params>
            <param index="0">
              <value>
                <![CDATA[Linux]]>
              </value>
            </param>
            <param index="1">
              <value>
                <![CDATA[firefox]]>
              </value>
            </param>
          </params>
          <reporter-output>
          </reporter-output>
        </test-method> <!-- setup -->
        <test-method signature="verify_account_registration()[pri:0, instance:testCases.TC_001_AccountRegistrationTest@3bd7f8dc]" started-at="2025-01-21T17:58:18 IST" name="verify_account_registration" finished-at="2025-01-21T17:58:22 IST" duration-ms="4348" status="PASS">
          <reporter-output>
          </reporter-output>
        </test-method> <!-- verify_account_registration -->
        <test-method is-config="true" signature="tearDown()[pri:0, instance:testCases.TC_001_AccountRegistrationTest@3bd7f8dc]" started-at="2025-01-21T17:58:22 IST" name="tearDown" finished-at="2025-01-21T17:58:24 IST" duration-ms="1864" status="PASS">
          <reporter-output>
          </reporter-output>
        </test-method> <!-- tearDown -->
      </class> <!-- testCases.TC_001_AccountRegistrationTest -->
      <class name="testCases.TC_002_LoginTest">
        <test-method is-config="true" signature="setup(java.lang.String,java.lang.String)[pri:0, instance:testCases.TC_002_LoginTest@2f2bf0e2]" started-at="2025-01-21T17:58:24 IST" name="setup" finished-at="2025-01-21T17:58:35 IST" duration-ms="11411" status="PASS">
          <params>
            <param index="0">
              <value>
                <![CDATA[Linux]]>
              </value>
            </param>
            <param index="1">
              <value>
                <![CDATA[firefox]]>
              </value>
            </param>
          </params>
          <reporter-output>
          </reporter-output>
        </test-method> <!-- setup -->
        <test-method signature="TestLogin()[pri:0, instance:testCases.TC_002_LoginTest@2f2bf0e2]" started-at="2025-01-21T17:58:35 IST" name="TestLogin" finished-at="2025-01-21T17:58:39 IST" duration-ms="3506" status="PASS">
          <reporter-output>
          </reporter-output>
        </test-method> <!-- TestLogin -->
        <test-method is-config="true" signature="tearDown()[pri:0, instance:testCases.TC_002_LoginTest@2f2bf0e2]" started-at="2025-01-21T17:58:39 IST" name="tearDown" finished-at="2025-01-21T17:58:40 IST" duration-ms="1751" status="PASS">
          <reporter-output>
          </reporter-output>
        </test-method> <!-- tearDown -->
      </class> <!-- testCases.TC_002_LoginTest -->
    </test> <!-- Linux-Firefox -->
  </suite> <!-- Suite -->
</testng-results>
